<?xml version="1.0" encoding="UTF-8"?>
<!-- Generated by org.testng.reporters.JUnitXMLReporter -->
<testsuite hostname="PC445530" ignored="0" name="Default test" tests="3" failures="0" timestamp="22 May 2019 14:40:43 GMT" time="122.781" errors="0">
  <testcase name="shouldBeAbleToSearchForHotels" time="61.175" classname="codingRound.mastertest.SignInTest"/>
  <testcase name="shouldThrowAnErrorIfSignInDetailsAreMissing" time="5.73" classname="codingRound.mastertest.SignInTest"/>
  <testcase name="testThatResultsAppearForAOneWayJourney" time="19.859" classname="codingRound.mastertest.SignInTest"/>
</testsuite> <!-- Default test -->
