<?xml version="1.0" encoding="UTF-8"?>
<!-- Generated by org.testng.reporters.JUnitXMLReporter -->
<testsuite hostname="PC445530" ignored="0" name="Default test" tests="3" failures="0" timestamp="22 May 2019 16:10:10 GMT" time="144.122" errors="0">
  <testcase name="shouldBeAbleToSearchForHotels" time="65.178" classname="codingRound.mastertest.ClearTripTest"/>
  <testcase name="shouldThrowAnErrorIfSignInDetailsAreMissing" time="3.428" classname="codingRound.mastertest.ClearTripTest"/>
  <testcase name="testThatResultsAppearForAOneWayJourney" time="20.557" classname="codingRound.mastertest.ClearTripTest"/>
</testsuite> <!-- Default test -->
