<?xml version="1.0" encoding="UTF-8"?>
<testng-results skipped="0" failed="0" ignored="0" total="3" passed="3">
  <reporter-output>
  </reporter-output>
  <suite name="Default suite" duration-ms="144122" started-at="2019-05-22T16:07:46Z" finished-at="2019-05-22T16:10:10Z">
    <groups>
    </groups>
    <test name="Default test" duration-ms="144122" started-at="2019-05-22T16:07:46Z" finished-at="2019-05-22T16:10:10Z">
      <class name="codingRound.mastertest.ClearTripTest">
        <test-method status="PASS" signature="initiateDriverSetup()[pri:0, instance:codingRound.mastertest.ClearTripTest@7823a2f9]" name="initiateDriverSetup" is-config="true" duration-ms="30594" started-at="2019-05-22T21:37:46Z" finished-at="2019-05-22T21:38:16Z">
          <reporter-output>
          </reporter-output>
        </test-method> <!-- initiateDriverSetup -->
        <test-method status="PASS" signature="shouldBeAbleToSearchForHotels()[pri:0, instance:codingRound.mastertest.ClearTripTest@7823a2f9]" name="shouldBeAbleToSearchForHotels" duration-ms="65178" started-at="2019-05-22T21:38:16Z" finished-at="2019-05-22T21:39:22Z">
          <reporter-output>
          </reporter-output>
        </test-method> <!-- shouldBeAbleToSearchForHotels -->
        <test-method status="PASS" signature="quitbrowser()[pri:0, instance:codingRound.mastertest.ClearTripTest@7823a2f9]" name="quitbrowser" is-config="true" duration-ms="1114" started-at="2019-05-22T21:39:22Z" finished-at="2019-05-22T21:39:23Z">
          <reporter-output>
          </reporter-output>
        </test-method> <!-- quitbrowser -->
        <test-method status="PASS" signature="initiateDriverSetup()[pri:0, instance:codingRound.mastertest.ClearTripTest@7823a2f9]" name="initiateDriverSetup" is-config="true" duration-ms="11294" started-at="2019-05-22T21:39:23Z" finished-at="2019-05-22T21:39:34Z">
          <reporter-output>
          </reporter-output>
        </test-method> <!-- initiateDriverSetup -->
        <test-method status="PASS" signature="shouldThrowAnErrorIfSignInDetailsAreMissing()[pri:0, instance:codingRound.mastertest.ClearTripTest@7823a2f9]" name="shouldThrowAnErrorIfSignInDetailsAreMissing" duration-ms="3428" started-at="2019-05-22T21:39:34Z" finished-at="2019-05-22T21:39:37Z">
          <reporter-output>
          </reporter-output>
        </test-method> <!-- shouldThrowAnErrorIfSignInDetailsAreMissing -->
        <test-method status="PASS" signature="quitbrowser()[pri:0, instance:codingRound.mastertest.ClearTripTest@7823a2f9]" name="quitbrowser" is-config="true" duration-ms="1200" started-at="2019-05-22T21:39:37Z" finished-at="2019-05-22T21:39:39Z">
          <reporter-output>
          </reporter-output>
        </test-method> <!-- quitbrowser -->
        <test-method status="PASS" signature="initiateDriverSetup()[pri:0, instance:codingRound.mastertest.ClearTripTest@7823a2f9]" name="initiateDriverSetup" is-config="true" duration-ms="9602" started-at="2019-05-22T21:39:39Z" finished-at="2019-05-22T21:39:48Z">
          <reporter-output>
          </reporter-output>
        </test-method> <!-- initiateDriverSetup -->
        <test-method status="PASS" signature="testThatResultsAppearForAOneWayJourney()[pri:0, instance:codingRound.mastertest.ClearTripTest@7823a2f9]" name="testThatResultsAppearForAOneWayJourney" duration-ms="20557" started-at="2019-05-22T21:39:48Z" finished-at="2019-05-22T21:40:09Z">
          <reporter-output>
          </reporter-output>
        </test-method> <!-- testThatResultsAppearForAOneWayJourney -->
        <test-method status="PASS" signature="quitbrowser()[pri:0, instance:codingRound.mastertest.ClearTripTest@7823a2f9]" name="quitbrowser" is-config="true" duration-ms="1134" started-at="2019-05-22T21:40:09Z" finished-at="2019-05-22T21:40:10Z">
          <reporter-output>
          </reporter-output>
        </test-method> <!-- quitbrowser -->
      </class> <!-- codingRound.mastertest.ClearTripTest -->
    </test> <!-- Default test -->
  </suite> <!-- Default suite -->
</testng-results>
